# JRE version: Java(TM) SE Runtime Environment (8.0_51-b16) (build 1.8.0_51-b16)
# Java VM: Java HotSpot(TM) 64-Bit Server VM (25.51-b03 mixed mode windows-amd64 compressed oops)
Heap:
 PSYoungGen      total 86528K, used 3729K [0x00000000d5e00000, 0x00000000dd980000, 0x0000000100000000)
  eden space 75264K, 4% used [0x00000000d5e00000,0x00000000d61a44b8,0x00000000da780000)
  from space 11264K, 0% used [0x00000000da780000,0x00000000da780000,0x00000000db280000)
  to   space 13824K, 0% used [0x00000000dcc00000,0x00000000dcc00000,0x00000000dd980000)
 ParOldGen       total 101888K, used 21621K [0x0000000081a00000, 0x0000000087d80000, 0x00000000d5e00000)
  object space 101888K, 21% used [0x0000000081a00000,0x0000000082f1d508,0x0000000087d80000)
 Metaspace       used 35097K, capacity 35710K, committed 36096K, reserved 1081344K
  class space    used 4835K, capacity 5088K, committed 5120K, reserved 1048576K
GC Heap History (10 events):
Event: 17.067 GC heap before
{Heap before GC invocations=7 (full 1):
 PSYoungGen      total 38400K, used 33280K [0x00000000d5e00000, 0x00000000db400000, 0x0000000100000000)
  eden space 33280K, 100% used [0x00000000d5e00000,0x00000000d7e80000,0x00000000d7e80000)
  from space 5120K, 0% used [0x00000000d7e80000,0x00000000d7e80000,0x00000000d8380000)
  to   space 10752K, 0% used [0x00000000da980000,0x00000000da980000,0x00000000db400000)
 ParOldGen       total 61440K, used 7769K [0x0000000081a00000, 0x0000000085600000, 0x00000000d5e00000)
  object space 61440K, 12% used [0x0000000081a00000,0x00000000821965a8,0x0000000085600000)
 Metaspace       used 23326K, capacity 23626K, committed 23936K, reserved 1069056K
  class space    used 3289K, capacity 3387K, committed 3456K, reserved 1048576K
Event: 17.071 GC heap after
Heap after GC invocations=7 (full 1):
 PSYoungGen      total 54784K, used 3446K [0x00000000d5e00000, 0x00000000dad00000, 0x0000000100000000)
  eden space 51200K, 0% used [0x00000000d5e00000,0x00000000d5e00000,0x00000000d9000000)
  from space 3584K, 96% used [0x00000000da980000,0x00000000dacdd890,0x00000000dad00000)
  to   space 11264K, 0% used [0x00000000d9700000,0x00000000d9700000,0x00000000da200000)
 ParOldGen       total 61440K, used 7777K [0x0000000081a00000, 0x0000000085600000, 0x00000000d5e00000)
  object space 61440K, 12% used [0x0000000081a00000,0x00000000821985a8,0x0000000085600000)
 Metaspace       used 23326K, capacity 23626K, committed 23936K, reserved 1069056K
  class space    used 3289K, capacity 3387K, committed 3456K, reserved 1048576K
}
Event: 22.607 GC heap before
{Heap before GC invocations=8 (full 1):
 PSYoungGen      total 54784K, used 54646K [0x00000000d5e00000, 0x00000000dad00000, 0x0000000100000000)
  eden space 51200K, 100% used [0x00000000d5e00000,0x00000000d9000000,0x00000000d9000000)
  from space 3584K, 96% used [0x00000000da980000,0x00000000dacdd890,0x00000000dad00000)
  to   space 11264K, 0% used [0x00000000d9700000,0x00000000d9700000,0x00000000da200000)
 ParOldGen       total 61440K, used 7777K [0x0000000081a00000, 0x0000000085600000, 0x00000000d5e00000)
  object space 61440K, 12% used [0x0000000081a00000,0x00000000821985a8,0x0000000085600000)
 Metaspace       used 25794K, capacity 26218K, committed 26496K, reserved 1073152K
  class space    used 3581K, capacity 3694K, committed 3712K, reserved 1048576K
Event: 22.616 GC heap after
Heap after GC invocations=8 (full 1):
 PSYoungGen      total 69632K, used 5165K [0x00000000d5e00000, 0x00000000dbd00000, 0x0000000100000000)
  eden space 58368K, 0% used [0x00000000d5e00000,0x00000000d5e00000,0x00000000d9700000)
  from space 11264K, 45% used [0x00000000d9700000,0x00000000d9c0b668,0x00000000da200000)
  to   space 10752K, 0% used [0x00000000db280000,0x00000000db280000,0x00000000dbd00000)
 ParOldGen       total 61440K, used 7849K [0x0000000081a00000, 0x0000000085600000, 0x00000000d5e00000)
  object space 61440K, 12% used [0x0000000081a00000,0x00000000821aa5b8,0x0000000085600000)
 Metaspace       used 25794K, capacity 26218K, committed 26496K, reserved 1073152K
  class space    used 3581K, capacity 3694K, committed 3712K, reserved 1048576K
}
Event: 23.730 GC heap before
{Heap before GC invocations=9 (full 1):
 PSYoungGen      total 69632K, used 63533K [0x00000000d5e00000, 0x00000000dbd00000, 0x0000000100000000)
  eden space 58368K, 100% used [0x00000000d5e00000,0x00000000d9700000,0x00000000d9700000)
  from space 11264K, 45% used [0x00000000d9700000,0x00000000d9c0b668,0x00000000da200000)
  to   space 10752K, 0% used [0x00000000db280000,0x00000000db280000,0x00000000dbd00000)
 ParOldGen       total 61440K, used 7849K [0x0000000081a00000, 0x0000000085600000, 0x00000000d5e00000)
  object space 61440K, 12% used [0x0000000081a00000,0x00000000821aa5b8,0x0000000085600000)
 Metaspace       used 30799K, capacity 31280K, committed 31616K, reserved 1077248K
  class space    used 4220K, capacity 4407K, committed 4480K, reserved 1048576K
Event: 23.742 GC heap after
Heap after GC invocations=9 (full 1):
 PSYoungGen      total 86016K, used 8740K [0x00000000d5e00000, 0x00000000dca00000, 0x0000000100000000)
  eden space 75264K, 0% used [0x00000000d5e00000,0x00000000d5e00000,0x00000000da780000)
  from space 10752K, 81% used [0x00000000db280000,0x00000000dbb09008,0x00000000dbd00000)
  to   space 11264K, 0% used [0x00000000da780000,0x00000000da780000,0x00000000db280000)
 ParOldGen       total 61440K, used 7857K [0x0000000081a00000, 0x0000000085600000, 0x00000000d5e00000)
  object space 61440K, 12% used [0x0000000081a00000,0x00000000821ac5b8,0x0000000085600000)
 Metaspace       used 30799K, capacity 31280K, committed 31616K, reserved 1077248K
  class space    used 4220K, capacity 4407K, committed 4480K, reserved 1048576K
}
Event: 25.105 GC heap before
{Heap before GC invocations=10 (full 1):
 PSYoungGen      total 86016K, used 78900K [0x00000000d5e00000, 0x00000000dca00000, 0x0000000100000000)
  eden space 75264K, 93% used [0x00000000d5e00000,0x00000000da2841a0,0x00000000da780000)
  from space 10752K, 81% used [0x00000000db280000,0x00000000dbb09008,0x00000000dbd00000)
  to   space 11264K, 0% used [0x00000000da780000,0x00000000da780000,0x00000000db280000)
 ParOldGen       total 61440K, used 7857K [0x0000000081a00000, 0x0000000085600000, 0x00000000d5e00000)
  object space 61440K, 12% used [0x0000000081a00000,0x00000000821ac5b8,0x0000000085600000)
 Metaspace       used 34616K, capacity 35210K, committed 35456K, reserved 1079296K
  class space    used 4753K, capacity 4986K, committed 4992K, reserved 1048576K
Event: 25.117 GC heap after
Heap after GC invocations=10 (full 1):
 PSYoungGen      total 86528K, used 11263K [0x00000000d5e00000, 0x00000000dd980000, 0x0000000100000000)
  eden space 75264K, 0% used [0x00000000d5e00000,0x00000000d5e00000,0x00000000da780000)
  from space 11264K, 99% used [0x00000000da780000,0x00000000db27fe08,0x00000000db280000)
  to   space 13824K, 0% used [0x00000000dcc00000,0x00000000dcc00000,0x00000000dd980000)
 ParOldGen       total 61440K, used 11065K [0x0000000081a00000, 0x0000000085600000, 0x00000000d5e00000)
  object space 61440K, 18% used [0x0000000081a00000,0x00000000824ce6f0,0x0000000085600000)
 Metaspace       used 34616K, capacity 35210K, committed 35456K, reserved 1079296K
  class space    used 4753K, capacity 4986K, committed 4992K, reserved 1048576K
}
Event: 25.117 GC heap before
{Heap before GC invocations=11 (full 2):
 PSYoungGen      total 86528K, used 11263K [0x00000000d5e00000, 0x00000000dd980000, 0x0000000100000000)
  eden space 75264K, 0% used [0x00000000d5e00000,0x00000000d5e00000,0x00000000da780000)
  from space 11264K, 99% used [0x00000000da780000,0x00000000db27fe08,0x00000000db280000)
  to   space 13824K, 0% used [0x00000000dcc00000,0x00000000dcc00000,0x00000000dd980000)
 ParOldGen       total 61440K, used 11065K [0x0000000081a00000, 0x0000000085600000, 0x00000000d5e00000)
  object space 61440K, 18% used [0x0000000081a00000,0x00000000824ce6f0,0x0000000085600000)
 Metaspace       used 34616K, capacity 35210K, committed 35456K, reserved 1079296K
  class space    used 4753K, capacity 4986K, committed 4992K, reserved 1048576K
Event: 25.225 GC heap after
Heap after GC invocations=11 (full 2):
 PSYoungGen      total 86528K, used 0K [0x00000000d5e00000, 0x00000000dd980000, 0x0000000100000000)
  eden space 75264K, 0% used [0x00000000d5e00000,0x00000000d5e00000,0x00000000da780000)
  from space 11264K, 0% used [0x00000000da780000,0x00000000da780000,0x00000000db280000)
  to   space 13824K, 0% used [0x00000000dcc00000,0x00000000dcc00000,0x00000000dd980000)
 ParOldGen       total 101888K, used 21621K [0x0000000081a00000, 0x0000000087d80000, 0x00000000d5e00000)
  object space 101888K, 21% used [0x0000000081a00000,0x0000000082f1d508,0x0000000087d80000)
 Metaspace       used 34616K, capacity 35210K, committed 35456K, reserved 1079296K
  class space    used 4753K, capacity 4986K, committed 4992K, reserved 1048576K
}

