# JRE version: Java(TM) SE Runtime Environment (8.0_51-b16) (build 1.8.0_51-b16)
# Java VM: Java HotSpot(TM) 64-Bit Server VM (25.51-b03 mixed mode windows-amd64 compressed oops)
Heap:
 PSYoungGen      total 166400K, used 50265K [0x00000000d5e00000, 0x00000000e3080000, 0x0000000100000000)
  eden space 151552K, 24% used [0x00000000d5e00000,0x00000000d82f1d80,0x00000000df200000)
  from space 14848K, 83% used [0x00000000df200000,0x00000000dfe24a28,0x00000000e0080000)
  to   space 15872K, 0% used [0x00000000e2100000,0x00000000e2100000,0x00000000e3080000)
 ParOldGen       total 100864K, used 20457K [0x0000000081a00000, 0x0000000087c80000, 0x00000000d5e00000)
  object space 100864K, 20% used [0x0000000081a00000,0x0000000082dfa4f8,0x0000000087c80000)
 Metaspace       used 46830K, capacity 48054K, committed 48384K, reserved 1091584K
  class space    used 6454K, capacity 6786K, committed 6912K, reserved 1048576K
GC Heap History (10 events):
Event: 3.052 GC heap before
{Heap before GC invocations=7 (full 1):
 PSYoungGen      total 71680K, used 66560K [0x00000000d5e00000, 0x00000000df500000, 0x0000000100000000)
  eden space 66560K, 100% used [0x00000000d5e00000,0x00000000d9f00000,0x00000000d9f00000)
  from space 5120K, 0% used [0x00000000d9f00000,0x00000000d9f00000,0x00000000da400000)
  to   space 10752K, 0% used [0x00000000dea80000,0x00000000dea80000,0x00000000df500000)
 ParOldGen       total 60416K, used 7747K [0x0000000081a00000, 0x0000000085500000, 0x00000000d5e00000)
  object space 60416K, 12% used [0x0000000081a00000,0x0000000082190fe0,0x0000000085500000)
 Metaspace       used 25347K, capacity 25774K, committed 25984K, reserved 1071104K
  class space    used 3533K, capacity 3655K, committed 3712K, reserved 1048576K
Event: 3.060 GC heap after
Heap after GC invocations=7 (full 1):
 PSYoungGen      total 109568K, used 6160K [0x00000000d5e00000, 0x00000000df100000, 0x0000000100000000)
  eden space 102912K, 0% used [0x00000000d5e00000,0x00000000d5e00000,0x00000000dc280000)
  from space 6656K, 92% used [0x00000000dea80000,0x00000000df0840d0,0x00000000df100000)
  to   space 10240K, 0% used [0x00000000ddd00000,0x00000000ddd00000,0x00000000de700000)
 ParOldGen       total 60416K, used 7755K [0x0000000081a00000, 0x0000000085500000, 0x00000000d5e00000)
  object space 60416K, 12% used [0x0000000081a00000,0x0000000082192fe0,0x0000000085500000)
 Metaspace       used 25347K, capacity 25774K, committed 25984K, reserved 1071104K
  class space    used 3533K, capacity 3655K, committed 3712K, reserved 1048576K
}
Event: 5.534 GC heap before
{Heap before GC invocations=8 (full 1):
 PSYoungGen      total 109568K, used 109072K [0x00000000d5e00000, 0x00000000df100000, 0x0000000100000000)
  eden space 102912K, 100% used [0x00000000d5e00000,0x00000000dc280000,0x00000000dc280000)
  from space 6656K, 92% used [0x00000000dea80000,0x00000000df0840d0,0x00000000df100000)
  to   space 10240K, 0% used [0x00000000ddd00000,0x00000000ddd00000,0x00000000de700000)
 ParOldGen       total 60416K, used 7755K [0x0000000081a00000, 0x0000000085500000, 0x00000000d5e00000)
  object space 60416K, 12% used [0x0000000081a00000,0x0000000082192fe0,0x0000000085500000)
 Metaspace       used 33315K, capacity 33812K, committed 34176K, reserved 1079296K
  class space    used 4544K, capacity 4669K, committed 4736K, reserved 1048576K
Event: 5.550 GC heap after
Heap after GC invocations=8 (full 1):
 PSYoungGen      total 140288K, used 10228K [0x00000000d5e00000, 0x00000000e0d00000, 0x0000000100000000)
  eden space 130048K, 0% used [0x00000000d5e00000,0x00000000d5e00000,0x00000000ddd00000)
  from space 10240K, 99% used [0x00000000ddd00000,0x00000000de6fd0a8,0x00000000de700000)
  to   space 12800K, 0% used [0x00000000e0080000,0x00000000e0080000,0x00000000e0d00000)
 ParOldGen       total 60416K, used 9786K [0x0000000081a00000, 0x0000000085500000, 0x00000000d5e00000)
  object space 60416K, 16% used [0x0000000081a00000,0x000000008238e920,0x0000000085500000)
 Metaspace       used 33315K, capacity 33812K, committed 34176K, reserved 1079296K
  class space    used 4544K, capacity 4669K, committed 4736K, reserved 1048576K
}
Event: 6.391 GC heap before
{Heap before GC invocations=9 (full 1):
 PSYoungGen      total 140288K, used 56765K [0x00000000d5e00000, 0x00000000e0d00000, 0x0000000100000000)
  eden space 130048K, 35% used [0x00000000d5e00000,0x00000000d8b725f0,0x00000000ddd00000)
  from space 10240K, 99% used [0x00000000ddd00000,0x00000000de6fd0a8,0x00000000de700000)
  to   space 12800K, 0% used [0x00000000e0080000,0x00000000e0080000,0x00000000e0d00000)
 ParOldGen       total 60416K, used 9786K [0x0000000081a00000, 0x0000000085500000, 0x00000000d5e00000)
  object space 60416K, 16% used [0x0000000081a00000,0x000000008238e920,0x0000000085500000)
 Metaspace       used 34666K, capacity 35210K, committed 35456K, reserved 1079296K
  class space    used 4763K, capacity 4986K, committed 4992K, reserved 1048576K
Event: 6.422 GC heap after
Heap after GC invocations=9 (full 1):
 PSYoungGen      total 164352K, used 12778K [0x00000000d5e00000, 0x00000000e3f00000, 0x0000000100000000)
  eden space 151552K, 0% used [0x00000000d5e00000,0x00000000d5e00000,0x00000000df200000)
  from space 12800K, 99% used [0x00000000e0080000,0x00000000e0cfa8f8,0x00000000e0d00000)
  to   space 14848K, 0% used [0x00000000df200000,0x00000000df200000,0x00000000e0080000)
 ParOldGen       total 60416K, used 10382K [0x0000000081a00000, 0x0000000085500000, 0x00000000d5e00000)
  object space 60416K, 17% used [0x0000000081a00000,0x0000000082423988,0x0000000085500000)
 Metaspace       used 34666K, capacity 35210K, committed 35456K, reserved 1079296K
  class space    used 4763K, capacity 4986K, committed 4992K, reserved 1048576K
}
Event: 6.422 GC heap before
{Heap before GC invocations=10 (full 2):
 PSYoungGen      total 164352K, used 12778K [0x00000000d5e00000, 0x00000000e3f00000, 0x0000000100000000)
  eden space 151552K, 0% used [0x00000000d5e00000,0x00000000d5e00000,0x00000000df200000)
  from space 12800K, 99% used [0x00000000e0080000,0x00000000e0cfa8f8,0x00000000e0d00000)
  to   space 14848K, 0% used [0x00000000df200000,0x00000000df200000,0x00000000e0080000)
 ParOldGen       total 60416K, used 10382K [0x0000000081a00000, 0x0000000085500000, 0x00000000d5e00000)
  object space 60416K, 17% used [0x0000000081a00000,0x0000000082423988,0x0000000085500000)
 Metaspace       used 34666K, capacity 35210K, committed 35456K, reserved 1079296K
  class space    used 4763K, capacity 4986K, committed 4992K, reserved 1048576K
Event: 6.635 GC heap after
Heap after GC invocations=10 (full 2):
 PSYoungGen      total 164352K, used 0K [0x00000000d5e00000, 0x00000000e3f00000, 0x0000000100000000)
  eden space 151552K, 0% used [0x00000000d5e00000,0x00000000d5e00000,0x00000000df200000)
  from space 12800K, 0% used [0x00000000e0080000,0x00000000e0080000,0x00000000e0d00000)
  to   space 14848K, 0% used [0x00000000df200000,0x00000000df200000,0x00000000e0080000)
 ParOldGen       total 100864K, used 20377K [0x0000000081a00000, 0x0000000087c80000, 0x00000000d5e00000)
  object space 100864K, 20% used [0x0000000081a00000,0x0000000082de64d0,0x0000000087c80000)
 Metaspace       used 34666K, capacity 35210K, committed 35456K, reserved 1079296K
  class space    used 4763K, capacity 4986K, committed 4992K, reserved 1048576K
}
Event: 8.951 GC heap before
{Heap before GC invocations=11 (full 2):
 PSYoungGen      total 164352K, used 151552K [0x00000000d5e00000, 0x00000000e3f00000, 0x0000000100000000)
  eden space 151552K, 100% used [0x00000000d5e00000,0x00000000df200000,0x00000000df200000)
  from space 12800K, 0% used [0x00000000e0080000,0x00000000e0080000,0x00000000e0d00000)
  to   space 14848K, 0% used [0x00000000df200000,0x00000000df200000,0x00000000e0080000)
 ParOldGen       total 100864K, used 20377K [0x0000000081a00000, 0x0000000087c80000, 0x00000000d5e00000)
  object space 100864K, 20% used [0x0000000081a00000,0x0000000082de64d0,0x0000000087c80000)
 Metaspace       used 44148K, capacity 45194K, committed 45312K, reserved 1087488K
  class space    used 6089K, capacity 6386K, committed 6400K, reserved 1048576K
Event: 8.963 GC heap after
Heap after GC invocations=11 (full 2):
 PSYoungGen      total 166400K, used 12434K [0x00000000d5e00000, 0x00000000e3080000, 0x0000000100000000)
  eden space 151552K, 0% used [0x00000000d5e00000,0x00000000d5e00000,0x00000000df200000)
  from space 14848K, 83% used [0x00000000df200000,0x00000000dfe24a28,0x00000000e0080000)
  to   space 15872K, 0% used [0x00000000e2100000,0x00000000e2100000,0x00000000e3080000)
 ParOldGen       total 100864K, used 20457K [0x0000000081a00000, 0x0000000087c80000, 0x00000000d5e00000)
  object space 100864K, 20% used [0x0000000081a00000,0x0000000082dfa4f8,0x0000000087c80000)
 Metaspace       used 44148K, capacity 45194K, committed 45312K, reserved 1087488K
  class space    used 6089K, capacity 6386K, committed 6400K, reserved 1048576K
}

