# JRE version: Java(TM) SE Runtime Environment (8.0_51-b16) (build 1.8.0_51-b16)
# Java VM: Java HotSpot(TM) 64-Bit Server VM (25.51-b03 mixed mode windows-amd64 compressed oops)
Heap:
 PSYoungGen      total 71680K, used 13349K [0x00000000d5e00000, 0x00000000dcd00000, 0x0000000100000000)
  eden space 61440K, 7% used [0x00000000d5e00000,0x00000000d62c07a8,0x00000000d9a00000)
  from space 10240K, 82% used [0x00000000d9a00000,0x00000000da248d88,0x00000000da400000)
  to   space 10752K, 0% used [0x00000000dc280000,0x00000000dc280000,0x00000000dcd00000)
 ParOldGen       total 60928K, used 8931K [0x0000000081a00000, 0x0000000085580000, 0x00000000d5e00000)
  object space 60928K, 14% used [0x0000000081a00000,0x00000000822b8c88,0x0000000085580000)
 Metaspace       used 30720K, capacity 31216K, committed 31616K, reserved 1077248K
  class space    used 4213K, capacity 4407K, committed 4480K, reserved 1048576K
GC Heap History (10 events):
Event: 1.617 GC heap before
{Heap before GC invocations=3 (full 0):
 PSYoungGen      total 38400K, used 37902K [0x00000000d5e00000, 0x00000000d8880000, 0x0000000100000000)
  eden space 33280K, 98% used [0x00000000d5e00000,0x00000000d7e0a488,0x00000000d7e80000)
  from space 5120K, 99% used [0x00000000d8380000,0x00000000d88796f0,0x00000000d8880000)
  to   space 5120K, 0% used [0x00000000d7e80000,0x00000000d7e80000,0x00000000d8380000)
 ParOldGen       total 87552K, used 916K [0x0000000081a00000, 0x0000000086f80000, 0x00000000d5e00000)
  object space 87552K, 1% used [0x0000000081a00000,0x0000000081ae50e0,0x0000000086f80000)
 Metaspace       used 16765K, capacity 17002K, committed 17280K, reserved 1064960K
  class space    used 2288K, capacity 2380K, committed 2432K, reserved 1048576K
Event: 1.627 GC heap after
Heap after GC invocations=3 (full 0):
 PSYoungGen      total 38400K, used 5119K [0x00000000d5e00000, 0x00000000da900000, 0x0000000100000000)
  eden space 33280K, 0% used [0x00000000d5e00000,0x00000000d5e00000,0x00000000d7e80000)
  from space 5120K, 99% used [0x00000000d7e80000,0x00000000d837fc50,0x00000000d8380000)
  to   space 5120K, 0% used [0x00000000da400000,0x00000000da400000,0x00000000da900000)
 ParOldGen       total 87552K, used 5095K [0x0000000081a00000, 0x0000000086f80000, 0x00000000d5e00000)
  object space 87552K, 5% used [0x0000000081a00000,0x0000000081ef9d00,0x0000000086f80000)
 Metaspace       used 16765K, capacity 17002K, committed 17280K, reserved 1064960K
  class space    used 2288K, capacity 2380K, committed 2432K, reserved 1048576K
}
Event: 2.125 GC heap before
{Heap before GC invocations=4 (full 0):
 PSYoungGen      total 38400K, used 38399K [0x00000000d5e00000, 0x00000000da900000, 0x0000000100000000)
  eden space 33280K, 100% used [0x00000000d5e00000,0x00000000d7e80000,0x00000000d7e80000)
  from space 5120K, 99% used [0x00000000d7e80000,0x00000000d837fc50,0x00000000d8380000)
  to   space 5120K, 0% used [0x00000000da400000,0x00000000da400000,0x00000000da900000)
 ParOldGen       total 87552K, used 5095K [0x0000000081a00000, 0x0000000086f80000, 0x00000000d5e00000)
  object space 87552K, 5% used [0x0000000081a00000,0x0000000081ef9d00,0x0000000086f80000)
 Metaspace       used 20428K, capacity 20690K, committed 20864K, reserved 1067008K
  class space    used 2806K, capacity 2902K, committed 2944K, reserved 1048576K
Event: 2.133 GC heap after
Heap after GC invocations=4 (full 0):
 PSYoungGen      total 71680K, used 5104K [0x00000000d5e00000, 0x00000000da900000, 0x0000000100000000)
  eden space 66560K, 0% used [0x00000000d5e00000,0x00000000d5e00000,0x00000000d9f00000)
  from space 5120K, 99% used [0x00000000da400000,0x00000000da8fc060,0x00000000da900000)
  to   space 5120K, 0% used [0x00000000d9f00000,0x00000000d9f00000,0x00000000da400000)
 ParOldGen       total 87552K, used 8855K [0x0000000081a00000, 0x0000000086f80000, 0x00000000d5e00000)
  object space 87552K, 10% used [0x0000000081a00000,0x00000000822a5c70,0x0000000086f80000)
 Metaspace       used 20428K, capacity 20690K, committed 20864K, reserved 1067008K
  class space    used 2806K, capacity 2902K, committed 2944K, reserved 1048576K
}
Event: 2.218 GC heap before
{Heap before GC invocations=5 (full 0):
 PSYoungGen      total 71680K, used 10339K [0x00000000d5e00000, 0x00000000da900000, 0x0000000100000000)
  eden space 66560K, 7% used [0x00000000d5e00000,0x00000000d631ce28,0x00000000d9f00000)
  from space 5120K, 99% used [0x00000000da400000,0x00000000da8fc060,0x00000000da900000)
  to   space 5120K, 0% used [0x00000000d9f00000,0x00000000d9f00000,0x00000000da400000)
 ParOldGen       total 87552K, used 8855K [0x0000000081a00000, 0x0000000086f80000, 0x00000000d5e00000)
  object space 87552K, 10% used [0x0000000081a00000,0x00000000822a5c70,0x0000000086f80000)
 Metaspace       used 20939K, capacity 21170K, committed 21296K, reserved 1067008K
  class space    used 2863K, capacity 2934K, committed 2944K, reserved 1048576K
Event: 2.224 GC heap after
Heap after GC invocations=5 (full 0):
 PSYoungGen      total 71680K, used 5088K [0x00000000d5e00000, 0x00000000da900000, 0x0000000100000000)
  eden space 66560K, 0% used [0x00000000d5e00000,0x00000000d5e00000,0x00000000d9f00000)
  from space 5120K, 99% used [0x00000000d9f00000,0x00000000da3f8050,0x00000000da400000)
  to   space 5120K, 0% used [0x00000000da400000,0x00000000da400000,0x00000000da900000)
 ParOldGen       total 87552K, used 9498K [0x0000000081a00000, 0x0000000086f80000, 0x00000000d5e00000)
  object space 87552K, 10% used [0x0000000081a00000,0x0000000082346bf8,0x0000000086f80000)
 Metaspace       used 20939K, capacity 21170K, committed 21296K, reserved 1067008K
  class space    used 2863K, capacity 2934K, committed 2944K, reserved 1048576K
}
Event: 2.224 GC heap before
{Heap before GC invocations=6 (full 1):
 PSYoungGen      total 71680K, used 5088K [0x00000000d5e00000, 0x00000000da900000, 0x0000000100000000)
  eden space 66560K, 0% used [0x00000000d5e00000,0x00000000d5e00000,0x00000000d9f00000)
  from space 5120K, 99% used [0x00000000d9f00000,0x00000000da3f8050,0x00000000da400000)
  to   space 5120K, 0% used [0x00000000da400000,0x00000000da400000,0x00000000da900000)
 ParOldGen       total 87552K, used 9498K [0x0000000081a00000, 0x0000000086f80000, 0x00000000d5e00000)
  object space 87552K, 10% used [0x0000000081a00000,0x0000000082346bf8,0x0000000086f80000)
 Metaspace       used 20939K, capacity 21170K, committed 21296K, reserved 1067008K
  class space    used 2863K, capacity 2934K, committed 2944K, reserved 1048576K
Event: 2.269 GC heap after
Heap after GC invocations=6 (full 1):
 PSYoungGen      total 71680K, used 0K [0x00000000d5e00000, 0x00000000da900000, 0x0000000100000000)
  eden space 66560K, 0% used [0x00000000d5e00000,0x00000000d5e00000,0x00000000d9f00000)
  from space 5120K, 0% used [0x00000000d9f00000,0x00000000d9f00000,0x00000000da400000)
  to   space 5120K, 0% used [0x00000000da400000,0x00000000da400000,0x00000000da900000)
 ParOldGen       total 60928K, used 7774K [0x0000000081a00000, 0x0000000085580000, 0x00000000d5e00000)
  object space 60928K, 12% used [0x0000000081a00000,0x0000000082197960,0x0000000085580000)
 Metaspace       used 20939K, capacity 21170K, committed 21296K, reserved 1067008K
  class space    used 2863K, capacity 2934K, committed 2944K, reserved 1048576K
}
Event: 3.135 GC heap before
{Heap before GC invocations=7 (full 1):
 PSYoungGen      total 71680K, used 66560K [0x00000000d5e00000, 0x00000000da900000, 0x0000000100000000)
  eden space 66560K, 100% used [0x00000000d5e00000,0x00000000d9f00000,0x00000000d9f00000)
  from space 5120K, 0% used [0x00000000d9f00000,0x00000000d9f00000,0x00000000da400000)
  to   space 5120K, 0% used [0x00000000da400000,0x00000000da400000,0x00000000da900000)
 ParOldGen       total 60928K, used 7774K [0x0000000081a00000, 0x0000000085580000, 0x00000000d5e00000)
  object space 60928K, 12% used [0x0000000081a00000,0x0000000082197960,0x0000000085580000)
 Metaspace       used 25345K, capacity 25710K, committed 25984K, reserved 1071104K
  class space    used 3534K, capacity 3655K, committed 3712K, reserved 1048576K
Event: 3.140 GC heap after
Heap after GC invocations=7 (full 1):
 PSYoungGen      total 66560K, used 5112K [0x00000000d5e00000, 0x00000000dd500000, 0x0000000100000000)
  eden space 61440K, 0% used [0x00000000d5e00000,0x00000000d5e00000,0x00000000d9a00000)
  from space 5120K, 99% used [0x00000000da400000,0x00000000da8fe028,0x00000000da900000)
  to   space 10240K, 0% used [0x00000000d9a00000,0x00000000d9a00000,0x00000000da400000)
 ParOldGen       total 60928K, used 8859K [0x0000000081a00000, 0x0000000085580000, 0x00000000d5e00000)
  object space 60928K, 14% used [0x0000000081a00000,0x00000000822a6c78,0x0000000085580000)
 Metaspace       used 25345K, capacity 25710K, committed 25984K, reserved 1071104K
  class space    used 3534K, capacity 3655K, committed 3712K, reserved 1048576K
}

