# JRE version: Java(TM) SE Runtime Environment (8.0_51-b16) (build 1.8.0_51-b16)
# Java VM: Java HotSpot(TM) 64-Bit Server VM (25.51-b03 mixed mode windows-amd64 compressed oops)
Heap:
 PSYoungGen      total 167424K, used 50022K [0x00000000d5e00000, 0x00000000e4080000, 0x0000000100000000)
  eden space 153088K, 24% used [0x00000000d5e00000,0x00000000d82fe7c8,0x00000000df380000)
  from space 14336K, 84% used [0x00000000df380000,0x00000000dff5b3b8,0x00000000e0180000)
  to   space 15360K, 0% used [0x00000000e3180000,0x00000000e3180000,0x00000000e4080000)
 ParOldGen       total 92672K, used 20353K [0x0000000081a00000, 0x0000000087480000, 0x00000000d5e00000)
  object space 92672K, 21% used [0x0000000081a00000,0x0000000082de04e0,0x0000000087480000)
 Metaspace       used 46693K, capacity 47908K, committed 48000K, reserved 1091584K
  class space    used 6433K, capacity 6783K, committed 6784K, reserved 1048576K
GC Heap History (10 events):
Event: 3.131 GC heap before
{Heap before GC invocations=7 (full 1):
 PSYoungGen      total 71680K, used 66560K [0x00000000d5e00000, 0x00000000df500000, 0x0000000100000000)
  eden space 66560K, 100% used [0x00000000d5e00000,0x00000000d9f00000,0x00000000d9f00000)
  from space 5120K, 0% used [0x00000000d9f00000,0x00000000d9f00000,0x00000000da400000)
  to   space 10752K, 0% used [0x00000000dea80000,0x00000000dea80000,0x00000000df500000)
 ParOldGen       total 60416K, used 7774K [0x0000000081a00000, 0x0000000085500000, 0x00000000d5e00000)
  object space 60416K, 12% used [0x0000000081a00000,0x0000000082197b88,0x0000000085500000)
 Metaspace       used 25336K, capacity 25710K, committed 25984K, reserved 1071104K
  class space    used 3532K, capacity 3655K, committed 3712K, reserved 1048576K
Event: 3.137 GC heap after
Heap after GC invocations=7 (full 1):
 PSYoungGen      total 109568K, used 6179K [0x00000000d5e00000, 0x00000000df100000, 0x0000000100000000)
  eden space 102912K, 0% used [0x00000000d5e00000,0x00000000d5e00000,0x00000000dc280000)
  from space 6656K, 92% used [0x00000000dea80000,0x00000000df088cf8,0x00000000df100000)
  to   space 10240K, 0% used [0x00000000ddd00000,0x00000000ddd00000,0x00000000de700000)
 ParOldGen       total 60416K, used 7782K [0x0000000081a00000, 0x0000000085500000, 0x00000000d5e00000)
  object space 60416K, 12% used [0x0000000081a00000,0x0000000082199b88,0x0000000085500000)
 Metaspace       used 25336K, capacity 25710K, committed 25984K, reserved 1071104K
  class space    used 3532K, capacity 3655K, committed 3712K, reserved 1048576K
}
Event: 5.737 GC heap before
{Heap before GC invocations=8 (full 1):
 PSYoungGen      total 109568K, used 109091K [0x00000000d5e00000, 0x00000000df100000, 0x0000000100000000)
  eden space 102912K, 100% used [0x00000000d5e00000,0x00000000dc280000,0x00000000dc280000)
  from space 6656K, 92% used [0x00000000dea80000,0x00000000df088cf8,0x00000000df100000)
  to   space 10240K, 0% used [0x00000000ddd00000,0x00000000ddd00000,0x00000000de700000)
 ParOldGen       total 60416K, used 7782K [0x0000000081a00000, 0x0000000085500000, 0x00000000d5e00000)
  object space 60416K, 12% used [0x0000000081a00000,0x0000000082199b88,0x0000000085500000)
 Metaspace       used 33327K, capacity 33812K, committed 34176K, reserved 1079296K
  class space    used 4542K, capacity 4669K, committed 4736K, reserved 1048576K
Event: 5.759 GC heap after
Heap after GC invocations=8 (full 1):
 PSYoungGen      total 140288K, used 10230K [0x00000000d5e00000, 0x00000000e0e00000, 0x0000000100000000)
  eden space 130048K, 0% used [0x00000000d5e00000,0x00000000d5e00000,0x00000000ddd00000)
  from space 10240K, 99% used [0x00000000ddd00000,0x00000000de6fdaf0,0x00000000de700000)
  to   space 12800K, 0% used [0x00000000e0180000,0x00000000e0180000,0x00000000e0e00000)
 ParOldGen       total 60416K, used 9777K [0x0000000081a00000, 0x0000000085500000, 0x00000000d5e00000)
  object space 60416K, 16% used [0x0000000081a00000,0x000000008238c5f8,0x0000000085500000)
 Metaspace       used 33327K, capacity 33812K, committed 34176K, reserved 1079296K
  class space    used 4542K, capacity 4669K, committed 4736K, reserved 1048576K
}
Event: 6.501 GC heap before
{Heap before GC invocations=9 (full 1):
 PSYoungGen      total 140288K, used 54210K [0x00000000d5e00000, 0x00000000e0e00000, 0x0000000100000000)
  eden space 130048K, 33% used [0x00000000d5e00000,0x00000000d88f3078,0x00000000ddd00000)
  from space 10240K, 99% used [0x00000000ddd00000,0x00000000de6fdaf0,0x00000000de700000)
  to   space 12800K, 0% used [0x00000000e0180000,0x00000000e0180000,0x00000000e0e00000)
 ParOldGen       total 60416K, used 9777K [0x0000000081a00000, 0x0000000085500000, 0x00000000d5e00000)
  object space 60416K, 16% used [0x0000000081a00000,0x000000008238c5f8,0x0000000085500000)
 Metaspace       used 34608K, capacity 35210K, committed 35456K, reserved 1079296K
  class space    used 4752K, capacity 4986K, committed 4992K, reserved 1048576K
Event: 6.571 GC heap after
Heap after GC invocations=9 (full 1):
 PSYoungGen      total 165888K, used 12789K [0x00000000d5e00000, 0x00000000e4c80000, 0x0000000100000000)
  eden space 153088K, 0% used [0x00000000d5e00000,0x00000000d5e00000,0x00000000df380000)
  from space 12800K, 99% used [0x00000000e0180000,0x00000000e0dfd438,0x00000000e0e00000)
  to   space 14336K, 0% used [0x00000000df380000,0x00000000df380000,0x00000000e0180000)
 ParOldGen       total 60416K, used 10132K [0x0000000081a00000, 0x0000000085500000, 0x00000000d5e00000)
  object space 60416K, 16% used [0x0000000081a00000,0x00000000823e50b8,0x0000000085500000)
 Metaspace       used 34608K, capacity 35210K, committed 35456K, reserved 1079296K
  class space    used 4752K, capacity 4986K, committed 4992K, reserved 1048576K
}
Event: 6.571 GC heap before
{Heap before GC invocations=10 (full 2):
 PSYoungGen      total 165888K, used 12789K [0x00000000d5e00000, 0x00000000e4c80000, 0x0000000100000000)
  eden space 153088K, 0% used [0x00000000d5e00000,0x00000000d5e00000,0x00000000df380000)
  from space 12800K, 99% used [0x00000000e0180000,0x00000000e0dfd438,0x00000000e0e00000)
  to   space 14336K, 0% used [0x00000000df380000,0x00000000df380000,0x00000000e0180000)
 ParOldGen       total 60416K, used 10132K [0x0000000081a00000, 0x0000000085500000, 0x00000000d5e00000)
  object space 60416K, 16% used [0x0000000081a00000,0x00000000823e50b8,0x0000000085500000)
 Metaspace       used 34608K, capacity 35210K, committed 35456K, reserved 1079296K
  class space    used 4752K, capacity 4986K, committed 4992K, reserved 1048576K
Event: 6.718 GC heap after
Heap after GC invocations=10 (full 2):
 PSYoungGen      total 165888K, used 0K [0x00000000d5e00000, 0x00000000e4c80000, 0x0000000100000000)
  eden space 153088K, 0% used [0x00000000d5e00000,0x00000000d5e00000,0x00000000df380000)
  from space 12800K, 0% used [0x00000000e0180000,0x00000000e0180000,0x00000000e0e00000)
  to   space 14336K, 0% used [0x00000000df380000,0x00000000df380000,0x00000000e0180000)
 ParOldGen       total 92672K, used 20273K [0x0000000081a00000, 0x0000000087480000, 0x00000000d5e00000)
  object space 92672K, 21% used [0x0000000081a00000,0x0000000082dcc4b8,0x0000000087480000)
 Metaspace       used 34608K, capacity 35210K, committed 35456K, reserved 1079296K
  class space    used 4752K, capacity 4986K, committed 4992K, reserved 1048576K
}
Event: 8.871 GC heap before
{Heap before GC invocations=11 (full 2):
 PSYoungGen      total 165888K, used 153088K [0x00000000d5e00000, 0x00000000e4c80000, 0x0000000100000000)
  eden space 153088K, 100% used [0x00000000d5e00000,0x00000000df380000,0x00000000df380000)
  from space 12800K, 0% used [0x00000000e0180000,0x00000000e0180000,0x00000000e0e00000)
  to   space 14336K, 0% used [0x00000000df380000,0x00000000df380000,0x00000000e0180000)
 ParOldGen       total 92672K, used 20273K [0x0000000081a00000, 0x0000000087480000, 0x00000000d5e00000)
  object space 92672K, 21% used [0x0000000081a00000,0x0000000082dcc4b8,0x0000000087480000)
 Metaspace       used 44149K, capacity 45236K, committed 45312K, reserved 1087488K
  class space    used 6085K, capacity 6381K, committed 6400K, reserved 1048576K
Event: 8.887 GC heap after
Heap after GC invocations=11 (full 2):
 PSYoungGen      total 167424K, used 12140K [0x00000000d5e00000, 0x00000000e4080000, 0x0000000100000000)
  eden space 153088K, 0% used [0x00000000d5e00000,0x00000000d5e00000,0x00000000df380000)
  from space 14336K, 84% used [0x00000000df380000,0x00000000dff5b3b8,0x00000000e0180000)
  to   space 15360K, 0% used [0x00000000e3180000,0x00000000e3180000,0x00000000e4080000)
 ParOldGen       total 92672K, used 20353K [0x0000000081a00000, 0x0000000087480000, 0x00000000d5e00000)
  object space 92672K, 21% used [0x0000000081a00000,0x0000000082de04e0,0x0000000087480000)
 Metaspace       used 44149K, capacity 45236K, committed 45312K, reserved 1087488K
  class space    used 6085K, capacity 6381K, committed 6400K, reserved 1048576K
}

