# JRE version: Java(TM) SE Runtime Environment (8.0_51-b16) (build 1.8.0_51-b16)
# Java VM: Java HotSpot(TM) 64-Bit Server VM (25.51-b03 mixed mode windows-amd64 compressed oops)
Heap:
 PSYoungGen      total 107520K, used 3996K [0x00000000d5e00000, 0x00000000df100000, 0x0000000100000000)
  eden space 100864K, 3% used [0x00000000d5e00000,0x00000000d61e7358,0x00000000dc080000)
  from space 6656K, 0% used [0x00000000dea80000,0x00000000dea80000,0x00000000df100000)
  to   space 10240K, 0% used [0x00000000ddd00000,0x00000000ddd00000,0x00000000de700000)
 ParOldGen       total 61440K, used 20276K [0x0000000081a00000, 0x0000000085600000, 0x00000000d5e00000)
  object space 61440K, 33% used [0x0000000081a00000,0x0000000082dcd338,0x0000000085600000)
 Metaspace       used 35107K, capacity 35710K, committed 36096K, reserved 1081344K
  class space    used 4837K, capacity 5088K, committed 5120K, reserved 1048576K
GC Heap History (10 events):
Event: 2.191 GC heap before
{Heap before GC invocations=6 (full 1):
 PSYoungGen      total 71680K, used 5088K [0x00000000d5e00000, 0x00000000df500000, 0x0000000100000000)
  eden space 66560K, 0% used [0x00000000d5e00000,0x00000000d5e00000,0x00000000d9f00000)
  from space 5120K, 99% used [0x00000000d9f00000,0x00000000da3f8030,0x00000000da400000)
  to   space 10752K, 0% used [0x00000000dea80000,0x00000000dea80000,0x00000000df500000)
 ParOldGen       total 87552K, used 9498K [0x0000000081a00000, 0x0000000086f80000, 0x00000000d5e00000)
  object space 87552K, 10% used [0x0000000081a00000,0x0000000082346988,0x0000000086f80000)
 Metaspace       used 20939K, capacity 21170K, committed 21296K, reserved 1067008K
  class space    used 2863K, capacity 2934K, committed 2944K, reserved 1048576K
Event: 2.237 GC heap after
Heap after GC invocations=6 (full 1):
 PSYoungGen      total 71680K, used 0K [0x00000000d5e00000, 0x00000000df500000, 0x0000000100000000)
  eden space 66560K, 0% used [0x00000000d5e00000,0x00000000d5e00000,0x00000000d9f00000)
  from space 5120K, 0% used [0x00000000d9f00000,0x00000000d9f00000,0x00000000da400000)
  to   space 10752K, 0% used [0x00000000dea80000,0x00000000dea80000,0x00000000df500000)
 ParOldGen       total 61440K, used 7774K [0x0000000081a00000, 0x0000000085600000, 0x00000000d5e00000)
  object space 61440K, 12% used [0x0000000081a00000,0x00000000821978b8,0x0000000085600000)
 Metaspace       used 20939K, capacity 21170K, committed 21296K, reserved 1067008K
  class space    used 2863K, capacity 2934K, committed 2944K, reserved 1048576K
}
Event: 3.126 GC heap before
{Heap before GC invocations=7 (full 1):
 PSYoungGen      total 71680K, used 66560K [0x00000000d5e00000, 0x00000000df500000, 0x0000000100000000)
  eden space 66560K, 100% used [0x00000000d5e00000,0x00000000d9f00000,0x00000000d9f00000)
  from space 5120K, 0% used [0x00000000d9f00000,0x00000000d9f00000,0x00000000da400000)
  to   space 10752K, 0% used [0x00000000dea80000,0x00000000dea80000,0x00000000df500000)
 ParOldGen       total 61440K, used 7774K [0x0000000081a00000, 0x0000000085600000, 0x00000000d5e00000)
  object space 61440K, 12% used [0x0000000081a00000,0x00000000821978b8,0x0000000085600000)
 Metaspace       used 25343K, capacity 25710K, committed 25984K, reserved 1071104K
  class space    used 3534K, capacity 3655K, committed 3712K, reserved 1048576K
Event: 3.131 GC heap after
Heap after GC invocations=7 (full 1):
 PSYoungGen      total 107520K, used 6246K [0x00000000d5e00000, 0x00000000df100000, 0x0000000100000000)
  eden space 100864K, 0% used [0x00000000d5e00000,0x00000000d5e00000,0x00000000dc080000)
  from space 6656K, 93% used [0x00000000dea80000,0x00000000df099bd8,0x00000000df100000)
  to   space 10240K, 0% used [0x00000000ddd00000,0x00000000ddd00000,0x00000000de700000)
 ParOldGen       total 61440K, used 7846K [0x0000000081a00000, 0x0000000085600000, 0x00000000d5e00000)
  object space 61440K, 12% used [0x0000000081a00000,0x00000000821a98c8,0x0000000085600000)
 Metaspace       used 25343K, capacity 25710K, committed 25984K, reserved 1071104K
  class space    used 3534K, capacity 3655K, committed 3712K, reserved 1048576K
}
Event: 5.786 GC heap before
{Heap before GC invocations=8 (full 1):
 PSYoungGen      total 107520K, used 107110K [0x00000000d5e00000, 0x00000000df100000, 0x0000000100000000)
  eden space 100864K, 100% used [0x00000000d5e00000,0x00000000dc080000,0x00000000dc080000)
  from space 6656K, 93% used [0x00000000dea80000,0x00000000df099bd8,0x00000000df100000)
  to   space 10240K, 0% used [0x00000000ddd00000,0x00000000ddd00000,0x00000000de700000)
 ParOldGen       total 61440K, used 7846K [0x0000000081a00000, 0x0000000085600000, 0x00000000d5e00000)
  object space 61440K, 12% used [0x0000000081a00000,0x00000000821a98c8,0x0000000085600000)
 Metaspace       used 33359K, capacity 33812K, committed 34176K, reserved 1079296K
  class space    used 4544K, capacity 4669K, committed 4736K, reserved 1048576K
Event: 5.820 GC heap after
Heap after GC invocations=8 (full 1):
 PSYoungGen      total 111104K, used 10228K [0x00000000d5e00000, 0x00000000df100000, 0x0000000100000000)
  eden space 100864K, 0% used [0x00000000d5e00000,0x00000000d5e00000,0x00000000dc080000)
  from space 10240K, 99% used [0x00000000ddd00000,0x00000000de6fd3f8,0x00000000de700000)
  to   space 6656K, 0% used [0x00000000dea80000,0x00000000dea80000,0x00000000df100000)
 ParOldGen       total 61440K, used 9783K [0x0000000081a00000, 0x0000000085600000, 0x00000000d5e00000)
  object space 61440K, 15% used [0x0000000081a00000,0x000000008238de20,0x0000000085600000)
 Metaspace       used 33359K, capacity 33812K, committed 34176K, reserved 1079296K
  class space    used 4544K, capacity 4669K, committed 4736K, reserved 1048576K
}
Event: 6.569 GC heap before
{Heap before GC invocations=9 (full 1):
 PSYoungGen      total 111104K, used 56325K [0x00000000d5e00000, 0x00000000df100000, 0x0000000100000000)
  eden space 100864K, 45% used [0x00000000d5e00000,0x00000000d8b04090,0x00000000dc080000)
  from space 10240K, 99% used [0x00000000ddd00000,0x00000000de6fd3f8,0x00000000de700000)
  to   space 6656K, 0% used [0x00000000dea80000,0x00000000dea80000,0x00000000df100000)
 ParOldGen       total 61440K, used 9783K [0x0000000081a00000, 0x0000000085600000, 0x00000000d5e00000)
  object space 61440K, 15% used [0x0000000081a00000,0x000000008238de20,0x0000000085600000)
 Metaspace       used 34611K, capacity 35210K, committed 35456K, reserved 1079296K
  class space    used 4751K, capacity 4986K, committed 4992K, reserved 1048576K
Event: 6.608 GC heap after
Heap after GC invocations=9 (full 1):
 PSYoungGen      total 107520K, used 6639K [0x00000000d5e00000, 0x00000000df100000, 0x0000000100000000)
  eden space 100864K, 0% used [0x00000000d5e00000,0x00000000d5e00000,0x00000000dc080000)
  from space 6656K, 99% used [0x00000000dea80000,0x00000000df0fbdf8,0x00000000df100000)
  to   space 10240K, 0% used [0x00000000ddd00000,0x00000000ddd00000,0x00000000de700000)
 ParOldGen       total 61440K, used 16245K [0x0000000081a00000, 0x0000000085600000, 0x00000000d5e00000)
  object space 61440K, 26% used [0x0000000081a00000,0x00000000829dd4e0,0x0000000085600000)
 Metaspace       used 34611K, capacity 35210K, committed 35456K, reserved 1079296K
  class space    used 4751K, capacity 4986K, committed 4992K, reserved 1048576K
}
Event: 6.608 GC heap before
{Heap before GC invocations=10 (full 2):
 PSYoungGen      total 107520K, used 6639K [0x00000000d5e00000, 0x00000000df100000, 0x0000000100000000)
  eden space 100864K, 0% used [0x00000000d5e00000,0x00000000d5e00000,0x00000000dc080000)
  from space 6656K, 99% used [0x00000000dea80000,0x00000000df0fbdf8,0x00000000df100000)
  to   space 10240K, 0% used [0x00000000ddd00000,0x00000000ddd00000,0x00000000de700000)
 ParOldGen       total 61440K, used 16245K [0x0000000081a00000, 0x0000000085600000, 0x00000000d5e00000)
  object space 61440K, 26% used [0x0000000081a00000,0x00000000829dd4e0,0x0000000085600000)
 Metaspace       used 34611K, capacity 35210K, committed 35456K, reserved 1079296K
  class space    used 4751K, capacity 4986K, committed 4992K, reserved 1048576K
Event: 6.760 GC heap after
Heap after GC invocations=10 (full 2):
 PSYoungGen      total 107520K, used 0K [0x00000000d5e00000, 0x00000000df100000, 0x0000000100000000)
  eden space 100864K, 0% used [0x00000000d5e00000,0x00000000d5e00000,0x00000000dc080000)
  from space 6656K, 0% used [0x00000000dea80000,0x00000000dea80000,0x00000000df100000)
  to   space 10240K, 0% used [0x00000000ddd00000,0x00000000ddd00000,0x00000000de700000)
 ParOldGen       total 61440K, used 20276K [0x0000000081a00000, 0x0000000085600000, 0x00000000d5e00000)
  object space 61440K, 33% used [0x0000000081a00000,0x0000000082dcd338,0x0000000085600000)
 Metaspace       used 34611K, capacity 35210K, committed 35456K, reserved 1079296K
  class space    used 4751K, capacity 4986K, committed 4992K, reserved 1048576K
}

